::1 - - [11/Aug/2025:15:12:15 +0000] "POST /api/books HTTP/1.1" 201 132 "-" "PostmanRuntime/7.45.0"
::1 - - [11/Aug/2025:15:59:26 +0000] "POST /api/books HTTP/1.1" 500 21 "-" "PostmanRuntime/7.45.0"
::1 - - [11/Aug/2025:15:59:34 +0000] "POST /api/books HTTP/1.1" 500 21 "-" "PostmanRuntime/7.45.0"
::1 - - [11/Aug/2025:16:02:58 +0000] "POST /api/books HTTP/1.1" 500 21 "-" "PostmanRuntime/7.45.0"
::1 - - [11/Aug/2025:16:06:02 +0000] "POST /api/books HTTP/1.1" 500 21 "-" "PostmanRuntime/7.45.0"
::1 - - [11/Aug/2025:16:06:34 +0000] "POST /api/books HTTP/1.1" 500 21 "-" "PostmanRuntime/7.45.0"
::1 - - [11/Aug/2025:16:09:57 +0000] "POST /api/books HTTP/1.1" 500 21 "-" "PostmanRuntime/7.45.0"
::1 - - [11/Aug/2025:16:10:43 +0000] "POST /api/books HTTP/1.1" 500 21 "-" "PostmanRuntime/7.45.0"
::1 - - [11/Aug/2025:16:12:18 +0000] "POST /api/books HTTP/1.1" 500 21 "-" "PostmanRuntime/7.45.0"
::1 - - [11/Aug/2025:16:13:29 +0000] "POST /api/books HTTP/1.1" 201 132 "-" "PostmanRuntime/7.45.0"
::1 - - [11/Aug/2025:16:16:47 +0000] "POST /api/books HTTP/1.1" 400 91 "-" "PostmanRuntime/7.45.0"
::1 - - [11/Aug/2025:16:17:11 +0000] "POST /api/books HTTP/1.1" 201 146 "-" "PostmanRuntime/7.45.0"
::1 - - [11/Aug/2025:16:18:15 +0000] "GET /api/books HTTP/1.1" 200 2 "-" "PostmanRuntime/7.45.0"
::1 - - [11/Aug/2025:16:18:23 +0000] "GET /api/books HTTP/1.1" 200 2 "-" "PostmanRuntime/7.45.0"
::1 - - [11/Aug/2025:16:18:24 +0000] "GET /api/books HTTP/1.1" 200 2 "-" "PostmanRuntime/7.45.0"
::1 - - [11/Aug/2025:16:18:24 +0000] "GET /api/books HTTP/1.1" 200 2 "-" "PostmanRuntime/7.45.0"
::1 - - [11/Aug/2025:16:18:25 +0000] "GET /api/books HTTP/1.1" 200 2 "-" "PostmanRuntime/7.45.0"
::1 - - [11/Aug/2025:16:18:26 +0000] "GET /api/books HTTP/1.1" 200 2 "-" "PostmanRuntime/7.45.0"
::1 - - [11/Aug/2025:16:18:52 +0000] "GET /api/books HTTP/1.1" 200 2 "-" "PostmanRuntime/7.45.0"
::1 - - [11/Aug/2025:16:18:53 +0000] "GET /api/books HTTP/1.1" 200 2 "-" "PostmanRuntime/7.45.0"
::1 - - [11/Aug/2025:16:18:58 +0000] "GET /api/books HTTP/1.1" 200 2 "-" "PostmanRuntime/7.45.0"
::1 - - [11/Aug/2025:16:25:05 +0000] "GET /api/books HTTP/1.1" 500 21 "-" "PostmanRuntime/7.45.0"
::1 - - [11/Aug/2025:16:25:28 +0000] "GET /api/books HTTP/1.1" 200 2 "-" "PostmanRuntime/7.45.0"
::1 - - [11/Aug/2025:16:26:17 +0000] "GET /api/books HTTP/1.1" 200 309 "-" "PostmanRuntime/7.45.0"
::1 - - [11/Aug/2025:17:38:21 +0000] "GET /api/books HTTP/1.1" 200 309 "-" "PostmanRuntime/7.45.0"
::1 - - [11/Aug/2025:17:38:38 +0000] "GET /api/books/romantic HTTP/1.1" 400 13 "-" "PostmanRuntime/7.45.0"
::1 - - [11/Aug/2025:17:38:55 +0000] "GET /api/books/romantic HTTP/1.1" 400 13 "-" "PostmanRuntime/7.45.0"
::1 - - [11/Aug/2025:17:39:49 +0000] "GET /api/books/dystopia HTTP/1.1" 400 13 "-" "PostmanRuntime/7.45.0"
::1 - - [11/Aug/2025:17:40:39 +0000] "GET /api/books HTTP/1.1" 200 309 "-" "PostmanRuntime/7.45.0"
::1 - - [11/Aug/2025:17:41:06 +0000] "GET /api/books/dystopia HTTP/1.1" 400 13 "-" "PostmanRuntime/7.45.0"
::1 - - [11/Aug/2025:17:41:14 +0000] "GET /api/books/dystopia HTTP/1.1" 400 13 "-" "PostmanRuntime/7.45.0"
::1 - - [11/Aug/2025:17:41:15 +0000] "GET /api/books/dystopia HTTP/1.1" 400 13 "-" "PostmanRuntime/7.45.0"
::1 - - [11/Aug/2025:17:41:15 +0000] "GET /api/books/dystopia HTTP/1.1" 400 13 "-" "PostmanRuntime/7.45.0"
::1 - - [11/Aug/2025:17:41:16 +0000] "GET /api/books/dystopia HTTP/1.1" 400 13 "-" "PostmanRuntime/7.45.0"
::1 - - [11/Aug/2025:17:41:16 +0000] "GET /api/books/dystopia HTTP/1.1" 400 13 "-" "PostmanRuntime/7.45.0"
::1 - - [11/Aug/2025:17:41:17 +0000] "GET /api/books/dystopia HTTP/1.1" 400 13 "-" "PostmanRuntime/7.45.0"
::1 - - [11/Aug/2025:17:41:59 +0000] "GET /api/books/dystopia HTTP/1.1" 400 13 "-" "PostmanRuntime/7.45.0"
::1 - - [11/Aug/2025:17:42:39 +0000] "GET /api/books/dystopia?=dystopia HTTP/1.1" 400 13 "-" "PostmanRuntime/7.45.0"
::1 - - [11/Aug/2025:17:42:46 +0000] "GET /api/books/dystopia HTTP/1.1" 400 13 "-" "PostmanRuntime/7.45.0"
::1 - - [11/Aug/2025:17:43:22 +0000] "GET /api/books/dystopia HTTP/1.1" 400 13 "-" "PostmanRuntime/7.45.0"
::1 - - [11/Aug/2025:17:43:24 +0000] "GET /api/books/dystopia HTTP/1.1" 400 13 "-" "PostmanRuntime/7.45.0"
::1 - - [11/Aug/2025:17:43:50 +0000] "GET /api/books/dystopia HTTP/1.1" 400 13 "-" "PostmanRuntime/7.45.0"
::1 - - [11/Aug/2025:17:43:55 +0000] "GET /api/books/dystopia HTTP/1.1" 400 13 "-" "PostmanRuntime/7.45.0"
::1 - - [11/Aug/2025:17:43:58 +0000] "GET /api/books HTTP/1.1" 200 309 "-" "PostmanRuntime/7.45.0"
::1 - - [11/Aug/2025:17:45:55 +0000] "GET /api/books/dystopia HTTP/1.1" 200 148 "-" "PostmanRuntime/7.45.0"
::1 - - [11/Aug/2025:17:56:19 +0000] "GET /api/books/dystopia HTTP/1.1" 400 13 "-" "PostmanRuntime/7.45.0"
::1 - - [11/Aug/2025:17:57:08 +0000] "GET /api/books/dystopia HTTP/1.1" 400 13 "-" "PostmanRuntime/7.45.0"
::1 - - [11/Aug/2025:17:57:27 +0000] "GET /api/books/dystopia HTTP/1.1" 400 13 "-" "PostmanRuntime/7.45.0"
::1 - - [11/Aug/2025:17:57:28 +0000] "GET /api/books/dystopia HTTP/1.1" 400 13 "-" "PostmanRuntime/7.45.0"
::1 - - [11/Aug/2025:17:57:48 +0000] "GET /api/books/dystopia HTTP/1.1" 200 117 "-" "PostmanRuntime/7.45.0"
::1 - - [11/Aug/2025:17:59:21 +0000] "GET /api/books/dystopia HTTP/1.1" 400 13 "-" "PostmanRuntime/7.45.0"
::1 - - [11/Aug/2025:18:00:51 +0000] "GET /api/books/dystopia HTTP/1.1" 400 19 "-" "PostmanRuntime/7.45.0"
::1 - - [11/Aug/2025:18:01:28 +0000] "GET /api/books/dystopia HTTP/1.1" 200 117 "-" "PostmanRuntime/7.45.0"
::1 - - [11/Aug/2025:18:02:09 +0000] "GET /api/books/dystopia HTTP/1.1" 200 117 "-" "PostmanRuntime/7.45.0"
::1 - - [11/Aug/2025:18:02:11 +0000] "GET /api/books/dystopia HTTP/1.1" 200 117 "-" "PostmanRuntime/7.45.0"
::1 - - [11/Aug/2025:18:02:25 +0000] "GET /api/books/romantic HTTP/1.1" 200 131 "-" "PostmanRuntime/7.45.0"
::1 - - [11/Aug/2025:18:04:20 +0000] "POST /api/books HTTP/1.1" 409 19 "-" "PostmanRuntime/7.45.0"
::1 - - [11/Aug/2025:18:04:50 +0000] "POST /api/books HTTP/1.1" 400 30 "-" "PostmanRuntime/7.45.0"
::1 - - [11/Aug/2025:18:04:55 +0000] "POST /api/books HTTP/1.1" 400 30 "-" "PostmanRuntime/7.45.0"
::1 - - [11/Aug/2025:18:08:50 +0000] "POST /api/books HTTP/1.1" 409 19 "-" "PostmanRuntime/7.45.0"
::1 - - [11/Aug/2025:18:08:52 +0000] "POST /api/books HTTP/1.1" 409 19 "-" "PostmanRuntime/7.45.0"
::1 - - [11/Aug/2025:18:08:58 +0000] "GET /api/books/romantic HTTP/1.1" 200 131 "-" "PostmanRuntime/7.45.0"
::1 - - [11/Aug/2025:18:09:07 +0000] "GET /api/books/distopiya HTTP/1.1" 400 91 "-" "PostmanRuntime/7.45.0"
::1 - - [11/Aug/2025:18:09:13 +0000] "GET /api/books/distopia HTTP/1.1" 400 91 "-" "PostmanRuntime/7.45.0"
::1 - - [11/Aug/2025:18:09:20 +0000] "GET /api/books/dystopia HTTP/1.1" 200 117 "-" "PostmanRuntime/7.45.0"
::1 - - [11/Aug/2025:18:11:31 +0000] "POST /api/books HTTP/1.1" 201 155 "-" "PostmanRuntime/7.45.0"
::1 - - [11/Aug/2025:18:11:36 +0000] "GET /api/books HTTP/1.1" 200 386 "-" "PostmanRuntime/7.45.0"
::1 - - [11/Aug/2025:18:11:48 +0000] "POST /api/books HTTP/1.1" 201 155 "-" "PostmanRuntime/7.45.0"
::1 - - [11/Aug/2025:18:25:00 +0000] "GET /api/books HTTP/1.1" 200 525 "-" "PostmanRuntime/7.45.0"
::1 - - [11/Aug/2025:18:25:38 +0000] "DELETE /api/books/689a326433ce5b6bc00beced HTTP/1.1" 400 38 "-" "PostmanRuntime/7.45.0"
::1 - - [11/Aug/2025:18:26:48 +0000] "GET /api/books HTTP/1.1" 200 525 "-" "PostmanRuntime/7.45.0"
::1 - - [11/Aug/2025:18:27:01 +0000] "DELETE /api/books/689a326433ce5b6bc00beced HTTP/1.1" 500 21 "-" "PostmanRuntime/7.45.0"
::1 - - [11/Aug/2025:18:27:31 +0000] "DELETE /api/books/689a326433ce5b6bc00beced HTTP/1.1" 500 21 "-" "PostmanRuntime/7.45.0"
::1 - - [11/Aug/2025:18:27:55 +0000] "DELETE /api/books/689a326433ce5b6bc00beced HTTP/1.1" 500 21 "-" "PostmanRuntime/7.45.0"
::1 - - [11/Aug/2025:18:28:17 +0000] "DELETE /api/books/689a326433ce5b6bc00beced HTTP/1.1" 500 21 "-" "PostmanRuntime/7.45.0"
::1 - - [11/Aug/2025:18:28:39 +0000] "DELETE /api/books/689a326433ce5b6bc00beced HTTP/1.1" 500 21 "-" "PostmanRuntime/7.45.0"
::1 - - [11/Aug/2025:18:29:00 +0000] "DELETE /api/books/689a326433ce5b6bc00beced HTTP/1.1" 500 21 "-" "PostmanRuntime/7.45.0"
::1 - - [11/Aug/2025:18:53:49 +0000] "DELETE /api/books/689a326433ce5b6bc00beced HTTP/1.1" 200 138 "-" "PostmanRuntime/7.45.0"
::1 - - [11/Aug/2025:18:53:57 +0000] "GET /api/books HTTP/1.1" 200 386 "-" "PostmanRuntime/7.45.0"
::1 - - [11/Aug/2025:19:31:00 +0000] "GET /api/books HTTP/1.1" 200 428 "-" "PostmanRuntime/7.45.0"
::1 - - [11/Aug/2025:19:31:04 +0000] "POST /api/books HTTP/1.1" 201 155 "-" "PostmanRuntime/7.45.0"
::1 - - [11/Aug/2025:19:31:09 +0000] "GET /api/books HTTP/1.1" 200 625 "-" "PostmanRuntime/7.45.0"
::1 - - [11/Aug/2025:19:31:23 +0000] "DELETE /api/books/689a44f8586c2ca759c0d4b5 HTTP/1.1" 200 196 "-" "PostmanRuntime/7.45.0"
::1 - - [11/Aug/2025:19:31:27 +0000] "GET /api/books HTTP/1.1" 200 428 "-" "PostmanRuntime/7.45.0"
::1 - - [11/Aug/2025:19:31:39 +0000] "GET /api/books/fantasy HTTP/1.1" 200 154 "-" "PostmanRuntime/7.45.0"
::1 - - [11/Aug/2025:19:37:53 +0000] "GET /api/books HTTP/1.1" 200 428 "-" "PostmanRuntime/7.45.0"
::1 - - [11/Aug/2025:19:38:23 +0000] "PATCH /api/books/689a325333ce5b6bc00becea/Lion HTTP/1.1" 500 21 "-" "PostmanRuntime/7.45.0"
::1 - - [11/Aug/2025:19:40:09 +0000] "PATCH /api/books/689a325333ce5b6bc00becea HTTP/1.1" 500 21 "-" "PostmanRuntime/7.45.0"
::1 - - [11/Aug/2025:19:40:31 +0000] "PATCH /api/books/689a325333ce5b6bc00becea/Lion HTTP/1.1" 500 21 "-" "PostmanRuntime/7.45.0"
::1 - - [11/Aug/2025:19:40:37 +0000] "PATCH /api/books/689a325333ce5b6bc00becea HTTP/1.1" 500 21 "-" "PostmanRuntime/7.45.0"
::1 - - [11/Aug/2025:19:44:51 +0000] "PATCH /api/books/689a325333ce5b6bc00becea/Lion HTTP/1.1" 500 21 "-" "PostmanRuntime/7.45.0"
::1 - - [11/Aug/2025:19:45:15 +0000] "PATCH /api/books/689a325333ce5b6bc00becea/Lion HTTP/1.1" 500 21 "-" "PostmanRuntime/7.45.0"
::1 - - [11/Aug/2025:19:45:41 +0000] "PATCH /api/books/689a325333ce5b6bc00becea/Lion HTTP/1.1" 500 21 "-" "PostmanRuntime/7.45.0"
::1 - - [11/Aug/2025:19:48:49 +0000] "PATCH /api/books/689a325333ce5b6bc00becea/Lion HTTP/1.1" 404 16 "-" "PostmanRuntime/7.45.0"
::1 - - [11/Aug/2025:19:48:57 +0000] "GET /api/books HTTP/1.1" 200 428 "-" "PostmanRuntime/7.45.0"
::1 - - [11/Aug/2025:19:49:14 +0000] "PATCH /api/books/689a1787f54a515eecd6f453/lion HTTP/1.1" 404 16 "-" "PostmanRuntime/7.45.0"
::1 - - [11/Aug/2025:19:49:28 +0000] "PATCH /api/books/689a1787f54a515eecd6f453/lion HTTP/1.1" 404 16 "-" "PostmanRuntime/7.45.0"
::1 - - [11/Aug/2025:19:51:49 +0000] "PATCH /api/books/689a1787f54a515eecd6f453/lion HTTP/1.1" 404 16 "-" "PostmanRuntime/7.45.0"
::1 - - [11/Aug/2025:19:53:52 +0000] "PATCH /api/books/689a325333ce5b6bc00becea/lion HTTP/1.1" 404 16 "-" "PostmanRuntime/7.45.0"
::1 - - [11/Aug/2025:19:54:08 +0000] "PATCH /api/books/689a325333ce5b6bc00becea/lion HTTP/1.1" 404 16 "-" "PostmanRuntime/7.45.0"
::1 - - [11/Aug/2025:19:57:46 +0000] "PATCH /api/books/689a325333ce5b6bc00becea/lion HTTP/1.1" 500 21 "-" "PostmanRuntime/7.45.0"
::1 - - [11/Aug/2025:19:57:55 +0000] "PATCH /api/books/689a325333ce5b6bc00becea/lion HTTP/1.1" 500 21 "-" "PostmanRuntime/7.45.0"
::1 - - [11/Aug/2025:19:57:57 +0000] "PATCH /api/books/689a325333ce5b6bc00becea/lion HTTP/1.1" 500 21 "-" "PostmanRuntime/7.45.0"
